<?xml version="1.0" encoding="UTF-8"?>
<!-- Generated by org.testng.reporters.JUnitReportReporter -->
<testsuite hostname="DELL" failures="0" tests="1" name="com.actitime.TestScripts.CreateCustomerModule" time="0.036" errors="0" timestamp="2024-01-05T12:55:58 IST" skipped="0">
  <testcase classname="com.actitime.TestScripts.CreateCustomerModule" name="CreatCustomer" time="0.036"/>
  <system-out>
    <![CDATA[creatCustomer]]>
  </system-out>
</testsuite> <!-- com.actitime.TestScripts.CreateCustomerModule -->
